{"/Users/wuyahui065/workspace/qc-vue/front/src/App.vue": {"path":"/Users/wuyahui065/workspace/qc-vue/front/src/App.vue","statementMap":{"0":{"start":{"line":1,"column":1},"end":{"line":33,"column":4}},"1":{"start":{"line":4,"column":0},"end":{"line":6,"column":3}},"2":{"start":{"line":16,"column":0},"end":{"line":32,"column":2}},"3":{"start":{"line":19,"column":4},"end":{"line":21,"column":6}},"4":{"start":{"line":27,"column":20},"end":{"line":27,"column":45}},"5":{"start":{"line":28,"column":22},"end":{"line":28,"column":49}},"6":{"start":{"line":29,"column":6},"end":{"line":29,"column":79}},"7":{"start":{"line":34,"column":0},"end":{"line":34,"column":70}},"8":{"start":{"line":34,"column":31},"end":{"line":34,"column":70}},"9":{"start":{"line":35,"column":24},"end":{"line":35,"column":100}},"10":{"start":{"line":36,"column":0},"end":{"line":36,"column":242}},"11":{"start":{"line":36,"column":54},"end":{"line":36,"column":58}},"12":{"start":{"line":36,"column":66},"end":{"line":36,"column":84}},"13":{"start":{"line":36,"column":92},"end":{"line":36,"column":108}},"14":{"start":{"line":36,"column":109},"end":{"line":36,"column":241}},"15":{"start":{"line":37,"column":0},"end":{"line":37,"column":37}}},"fnMap":{"0":{"name":"(anonymous_0)","decl":{"start":{"line":1,"column":2},"end":{"line":1,"column":3}},"loc":{"start":{"line":1,"column":12},"end":{"line":33,"column":1}},"line":1},"1":{"name":"data","decl":{"start":{"line":18,"column":17},"end":{"line":18,"column":21}},"loc":{"start":{"line":18,"column":24},"end":{"line":22,"column":3}},"line":18},"2":{"name":"$route","decl":{"start":{"line":25,"column":23},"end":{"line":25,"column":29}},"loc":{"start":{"line":25,"column":40},"end":{"line":30,"column":5}},"line":25},"3":{"name":"render","decl":{"start":{"line":36,"column":35},"end":{"line":36,"column":41}},"loc":{"start":{"line":36,"column":45},"end":{"line":36,"column":242}},"line":36}},"branchMap":{"0":{"loc":{"start":{"line":29,"column":28},"end":{"line":29,"column":78}},"type":"cond-expr","locations":[{"start":{"line":29,"column":50},"end":{"line":29,"column":63}},{"start":{"line":29,"column":66},"end":{"line":29,"column":78}}],"line":29},"1":{"loc":{"start":{"line":34,"column":0},"end":{"line":34,"column":70}},"type":"if","locations":[{"start":{"line":34,"column":0},"end":{"line":34,"column":70}},{"start":{"line":34,"column":0},"end":{"line":34,"column":70}}],"line":34},"2":{"loc":{"start":{"line":35,"column":24},"end":{"line":35,"column":100}},"type":"cond-expr","locations":[{"start":{"line":35,"column":62},"end":{"line":35,"column":84}},{"start":{"line":35,"column":86},"end":{"line":35,"column":100}}],"line":35},"3":{"loc":{"start":{"line":36,"column":92},"end":{"line":36,"column":108}},"type":"binary-expr","locations":[{"start":{"line":36,"column":92},"end":{"line":36,"column":104}},{"start":{"line":36,"column":106},"end":{"line":36,"column":108}}],"line":36}},"s":{"0":0,"1":0,"2":0,"3":0,"4":0,"5":0,"6":0,"7":0,"8":0,"9":0,"10":0,"11":0,"12":0,"13":0,"14":0,"15":0},"f":{"0":0,"1":0,"2":0,"3":0},"b":{"0":[0,0],"1":[0,0],"2":[0,0],"3":[0,0]}}
,"/Users/wuyahui065/workspace/qc-vue/front/src/components/CollectQuestion.vue": {"path":"/Users/wuyahui065/workspace/qc-vue/front/src/components/CollectQuestion.vue","statementMap":{"0":{"start":{"line":1,"column":1},"end":{"line":57,"column":4}},"1":{"start":{"line":4,"column":0},"end":{"line":6,"column":3}},"2":{"start":{"line":8,"column":14},"end":{"line":8,"column":44}},"3":{"start":{"line":10,"column":15},"end":{"line":10,"column":46}},"4":{"start":{"line":12,"column":39},"end":{"line":12,"column":93}},"5":{"start":{"line":14,"column":0},"end":{"line":34,"column":2}},"6":{"start":{"line":17,"column":4},"end":{"line":21,"column":6}},"7":{"start":{"line":29,"column":6},"end":{"line":31,"column":7}},"8":{"start":{"line":30,"column":8},"end":{"line":30,"column":48}},"9":{"start":{"line":58,"column":0},"end":{"line":58,"column":70}},"10":{"start":{"line":58,"column":31},"end":{"line":58,"column":70}},"11":{"start":{"line":59,"column":24},"end":{"line":59,"column":100}},"12":{"start":{"line":60,"column":0},"end":{"line":60,"column":1284}},"13":{"start":{"line":60,"column":54},"end":{"line":60,"column":58}},"14":{"start":{"line":60,"column":66},"end":{"line":60,"column":84}},"15":{"start":{"line":60,"column":92},"end":{"line":60,"column":108}},"16":{"start":{"line":60,"column":109},"end":{"line":60,"column":1283}},"17":{"start":{"line":60,"column":616},"end":{"line":60,"column":654}},"18":{"start":{"line":60,"column":645},"end":{"line":60,"column":652}},"19":{"start":{"line":60,"column":654},"end":{"line":60,"column":686}},"20":{"start":{"line":60,"column":1043},"end":{"line":60,"column":1081}},"21":{"start":{"line":60,"column":1072},"end":{"line":60,"column":1079}},"22":{"start":{"line":60,"column":1081},"end":{"line":60,"column":1111}},"23":{"start":{"line":61,"column":0},"end":{"line":61,"column":37}}},"fnMap":{"0":{"name":"(anonymous_0)","decl":{"start":{"line":1,"column":2},"end":{"line":1,"column":3}},"loc":{"start":{"line":1,"column":12},"end":{"line":57,"column":1}},"line":1},"1":{"name":"_interopRequireDefault","decl":{"start":{"line":12,"column":9},"end":{"line":12,"column":31}},"loc":{"start":{"line":12,"column":37},"end":{"line":12,"column":95}},"line":12},"2":{"name":"data","decl":{"start":{"line":16,"column":17},"end":{"line":16,"column":21}},"loc":{"start":{"line":16,"column":24},"end":{"line":22,"column":3}},"line":16},"3":{"name":"submit","decl":{"start":{"line":28,"column":21},"end":{"line":28,"column":27}},"loc":{"start":{"line":28,"column":30},"end":{"line":32,"column":5}},"line":28},"4":{"name":"render","decl":{"start":{"line":60,"column":35},"end":{"line":60,"column":41}},"loc":{"start":{"line":60,"column":45},"end":{"line":60,"column":1284}},"line":60},"5":{"name":"(anonymous_5)","decl":{"start":{"line":60,"column":599},"end":{"line":60,"column":600}},"loc":{"start":{"line":60,"column":615},"end":{"line":60,"column":687}},"line":60},"6":{"name":"(anonymous_6)","decl":{"start":{"line":60,"column":1026},"end":{"line":60,"column":1027}},"loc":{"start":{"line":60,"column":1042},"end":{"line":60,"column":1112}},"line":60}},"branchMap":{"0":{"loc":{"start":{"line":12,"column":46},"end":{"line":12,"column":92}},"type":"cond-expr","locations":[{"start":{"line":12,"column":70},"end":{"line":12,"column":73}},{"start":{"line":12,"column":76},"end":{"line":12,"column":92}}],"line":12},"1":{"loc":{"start":{"line":12,"column":46},"end":{"line":12,"column":67}},"type":"binary-expr","locations":[{"start":{"line":12,"column":46},"end":{"line":12,"column":49}},{"start":{"line":12,"column":53},"end":{"line":12,"column":67}}],"line":12},"2":{"loc":{"start":{"line":29,"column":6},"end":{"line":31,"column":7}},"type":"if","locations":[{"start":{"line":29,"column":6},"end":{"line":31,"column":7}},{"start":{"line":29,"column":6},"end":{"line":31,"column":7}}],"line":29},"3":{"loc":{"start":{"line":58,"column":0},"end":{"line":58,"column":70}},"type":"if","locations":[{"start":{"line":58,"column":0},"end":{"line":58,"column":70}},{"start":{"line":58,"column":0},"end":{"line":58,"column":70}}],"line":58},"4":{"loc":{"start":{"line":59,"column":24},"end":{"line":59,"column":100}},"type":"cond-expr","locations":[{"start":{"line":59,"column":62},"end":{"line":59,"column":84}},{"start":{"line":59,"column":86},"end":{"line":59,"column":100}}],"line":59},"5":{"loc":{"start":{"line":60,"column":92},"end":{"line":60,"column":108}},"type":"binary-expr","locations":[{"start":{"line":60,"column":92},"end":{"line":60,"column":104}},{"start":{"line":60,"column":106},"end":{"line":60,"column":108}}],"line":60},"6":{"loc":{"start":{"line":60,"column":616},"end":{"line":60,"column":654}},"type":"if","locations":[{"start":{"line":60,"column":616},"end":{"line":60,"column":654}},{"start":{"line":60,"column":616},"end":{"line":60,"column":654}}],"line":60},"7":{"loc":{"start":{"line":60,"column":1043},"end":{"line":60,"column":1081}},"type":"if","locations":[{"start":{"line":60,"column":1043},"end":{"line":60,"column":1081}},{"start":{"line":60,"column":1043},"end":{"line":60,"column":1081}}],"line":60}},"s":{"0":0,"1":0,"2":0,"3":0,"4":0,"5":0,"6":0,"7":0,"8":0,"9":0,"10":0,"11":0,"12":0,"13":0,"14":0,"15":0,"16":0,"17":0,"18":0,"19":0,"20":0,"21":0,"22":0,"23":0},"f":{"0":0,"1":0,"2":0,"3":0,"4":0,"5":0,"6":0},"b":{"0":[0,0],"1":[0,0],"2":[0,0],"3":[0,0],"4":[0,0],"5":[0,0],"6":[0,0],"7":[0,0]}}
,"/Users/wuyahui065/workspace/qc-vue/front/src/components/ListView.vue": {"path":"/Users/wuyahui065/workspace/qc-vue/front/src/components/ListView.vue","statementMap":{"0":{"start":{"line":1,"column":1},"end":{"line":32,"column":4}},"1":{"start":{"line":4,"column":0},"end":{"line":6,"column":3}},"2":{"start":{"line":8,"column":14},"end":{"line":8,"column":44}},"3":{"start":{"line":10,"column":15},"end":{"line":10,"column":46}},"4":{"start":{"line":12,"column":39},"end":{"line":12,"column":93}},"5":{"start":{"line":14,"column":0},"end":{"line":23,"column":2}},"6":{"start":{"line":17,"column":4},"end":{"line":17,"column":14}},"7":{"start":{"line":33,"column":0},"end":{"line":33,"column":70}},"8":{"start":{"line":33,"column":31},"end":{"line":33,"column":70}},"9":{"start":{"line":34,"column":24},"end":{"line":34,"column":100}},"10":{"start":{"line":35,"column":0},"end":{"line":35,"column":251}},"11":{"start":{"line":35,"column":54},"end":{"line":35,"column":58}},"12":{"start":{"line":35,"column":66},"end":{"line":35,"column":84}},"13":{"start":{"line":35,"column":92},"end":{"line":35,"column":108}},"14":{"start":{"line":35,"column":109},"end":{"line":35,"column":250}},"15":{"start":{"line":36,"column":0},"end":{"line":36,"column":37}}},"fnMap":{"0":{"name":"(anonymous_0)","decl":{"start":{"line":1,"column":2},"end":{"line":1,"column":3}},"loc":{"start":{"line":1,"column":12},"end":{"line":32,"column":1}},"line":1},"1":{"name":"_interopRequireDefault","decl":{"start":{"line":12,"column":9},"end":{"line":12,"column":31}},"loc":{"start":{"line":12,"column":37},"end":{"line":12,"column":95}},"line":12},"2":{"name":"data","decl":{"start":{"line":16,"column":17},"end":{"line":16,"column":21}},"loc":{"start":{"line":16,"column":24},"end":{"line":18,"column":3}},"line":16},"3":{"name":"render","decl":{"start":{"line":35,"column":35},"end":{"line":35,"column":41}},"loc":{"start":{"line":35,"column":45},"end":{"line":35,"column":251}},"line":35}},"branchMap":{"0":{"loc":{"start":{"line":12,"column":46},"end":{"line":12,"column":92}},"type":"cond-expr","locations":[{"start":{"line":12,"column":70},"end":{"line":12,"column":73}},{"start":{"line":12,"column":76},"end":{"line":12,"column":92}}],"line":12},"1":{"loc":{"start":{"line":12,"column":46},"end":{"line":12,"column":67}},"type":"binary-expr","locations":[{"start":{"line":12,"column":46},"end":{"line":12,"column":49}},{"start":{"line":12,"column":53},"end":{"line":12,"column":67}}],"line":12},"2":{"loc":{"start":{"line":33,"column":0},"end":{"line":33,"column":70}},"type":"if","locations":[{"start":{"line":33,"column":0},"end":{"line":33,"column":70}},{"start":{"line":33,"column":0},"end":{"line":33,"column":70}}],"line":33},"3":{"loc":{"start":{"line":34,"column":24},"end":{"line":34,"column":100}},"type":"cond-expr","locations":[{"start":{"line":34,"column":62},"end":{"line":34,"column":84}},{"start":{"line":34,"column":86},"end":{"line":34,"column":100}}],"line":34},"4":{"loc":{"start":{"line":35,"column":92},"end":{"line":35,"column":108}},"type":"binary-expr","locations":[{"start":{"line":35,"column":92},"end":{"line":35,"column":104}},{"start":{"line":35,"column":106},"end":{"line":35,"column":108}}],"line":35}},"s":{"0":0,"1":0,"2":0,"3":0,"4":0,"5":0,"6":0,"7":0,"8":0,"9":0,"10":0,"11":0,"12":0,"13":0,"14":0,"15":0},"f":{"0":0,"1":0,"2":0,"3":0},"b":{"0":[0,0],"1":[0,0],"2":[0,0],"3":[0,0],"4":[0,0]}}
,"/Users/wuyahui065/workspace/qc-vue/front/src/components/common/MyHeader.vue": {"path":"/Users/wuyahui065/workspace/qc-vue/front/src/components/common/MyHeader.vue","statementMap":{"0":{"start":{"line":1,"column":1},"end":{"line":3,"column":4}},"1":{"start":{"line":4,"column":0},"end":{"line":4,"column":70}},"2":{"start":{"line":4,"column":31},"end":{"line":4,"column":70}},"3":{"start":{"line":5,"column":24},"end":{"line":5,"column":100}}},"fnMap":{"0":{"name":"(anonymous_0)","decl":{"start":{"line":1,"column":2},"end":{"line":1,"column":3}},"loc":{"start":{"line":1,"column":12},"end":{"line":3,"column":1}},"line":1}},"branchMap":{"0":{"loc":{"start":{"line":4,"column":0},"end":{"line":4,"column":70}},"type":"if","locations":[{"start":{"line":4,"column":0},"end":{"line":4,"column":70}},{"start":{"line":4,"column":0},"end":{"line":4,"column":70}}],"line":4},"1":{"loc":{"start":{"line":5,"column":24},"end":{"line":5,"column":100}},"type":"cond-expr","locations":[{"start":{"line":5,"column":62},"end":{"line":5,"column":84}},{"start":{"line":5,"column":86},"end":{"line":5,"column":100}}],"line":5}},"s":{"0":0,"1":0,"2":0,"3":0},"f":{"0":0},"b":{"0":[0,0],"1":[0,0]}}
,"/Users/wuyahui065/workspace/qc-vue/front/src/components/common/NavBar.vue": {"path":"/Users/wuyahui065/workspace/qc-vue/front/src/components/common/NavBar.vue","statementMap":{"0":{"start":{"line":1,"column":1},"end":{"line":27,"column":4}},"1":{"start":{"line":4,"column":0},"end":{"line":6,"column":3}},"2":{"start":{"line":16,"column":0},"end":{"line":26,"column":2}},"3":{"start":{"line":18,"column":4},"end":{"line":20,"column":6}},"4":{"start":{"line":23,"column":4},"end":{"line":23,"column":34}},"5":{"start":{"line":24,"column":4},"end":{"line":24,"column":36}},"6":{"start":{"line":28,"column":0},"end":{"line":28,"column":70}},"7":{"start":{"line":28,"column":31},"end":{"line":28,"column":70}},"8":{"start":{"line":29,"column":24},"end":{"line":29,"column":100}},"9":{"start":{"line":30,"column":0},"end":{"line":30,"column":477}},"10":{"start":{"line":30,"column":54},"end":{"line":30,"column":58}},"11":{"start":{"line":30,"column":66},"end":{"line":30,"column":84}},"12":{"start":{"line":30,"column":92},"end":{"line":30,"column":108}},"13":{"start":{"line":30,"column":109},"end":{"line":30,"column":476}},"14":{"start":{"line":31,"column":0},"end":{"line":31,"column":37}}},"fnMap":{"0":{"name":"(anonymous_0)","decl":{"start":{"line":1,"column":2},"end":{"line":1,"column":3}},"loc":{"start":{"line":1,"column":12},"end":{"line":27,"column":1}},"line":1},"1":{"name":"data","decl":{"start":{"line":17,"column":17},"end":{"line":17,"column":21}},"loc":{"start":{"line":17,"column":24},"end":{"line":21,"column":3}},"line":17},"2":{"name":"mounted","decl":{"start":{"line":22,"column":20},"end":{"line":22,"column":27}},"loc":{"start":{"line":22,"column":30},"end":{"line":25,"column":3}},"line":22},"3":{"name":"render","decl":{"start":{"line":30,"column":35},"end":{"line":30,"column":41}},"loc":{"start":{"line":30,"column":45},"end":{"line":30,"column":477}},"line":30}},"branchMap":{"0":{"loc":{"start":{"line":28,"column":0},"end":{"line":28,"column":70}},"type":"if","locations":[{"start":{"line":28,"column":0},"end":{"line":28,"column":70}},{"start":{"line":28,"column":0},"end":{"line":28,"column":70}}],"line":28},"1":{"loc":{"start":{"line":29,"column":24},"end":{"line":29,"column":100}},"type":"cond-expr","locations":[{"start":{"line":29,"column":62},"end":{"line":29,"column":84}},{"start":{"line":29,"column":86},"end":{"line":29,"column":100}}],"line":29},"2":{"loc":{"start":{"line":30,"column":92},"end":{"line":30,"column":108}},"type":"binary-expr","locations":[{"start":{"line":30,"column":92},"end":{"line":30,"column":104}},{"start":{"line":30,"column":106},"end":{"line":30,"column":108}}],"line":30}},"s":{"0":0,"1":0,"2":0,"3":0,"4":0,"5":0,"6":0,"7":0,"8":0,"9":0,"10":0,"11":0,"12":0,"13":0,"14":0},"f":{"0":0,"1":0,"2":0,"3":0},"b":{"0":[0,0],"1":[0,0],"2":[0,0]}}
,"/Users/wuyahui065/workspace/qc-vue/front/src/components/common/TextArea.vue": {"path":"/Users/wuyahui065/workspace/qc-vue/front/src/components/common/TextArea.vue","statementMap":{"0":{"start":{"line":1,"column":1},"end":{"line":3,"column":4}},"1":{"start":{"line":4,"column":0},"end":{"line":4,"column":70}},"2":{"start":{"line":4,"column":31},"end":{"line":4,"column":70}},"3":{"start":{"line":5,"column":24},"end":{"line":5,"column":100}},"4":{"start":{"line":6,"column":0},"end":{"line":6,"column":147}},"5":{"start":{"line":6,"column":54},"end":{"line":6,"column":58}},"6":{"start":{"line":6,"column":66},"end":{"line":6,"column":84}},"7":{"start":{"line":6,"column":92},"end":{"line":6,"column":108}},"8":{"start":{"line":6,"column":109},"end":{"line":6,"column":146}},"9":{"start":{"line":7,"column":0},"end":{"line":7,"column":37}}},"fnMap":{"0":{"name":"(anonymous_0)","decl":{"start":{"line":1,"column":2},"end":{"line":1,"column":3}},"loc":{"start":{"line":1,"column":12},"end":{"line":3,"column":1}},"line":1},"1":{"name":"render","decl":{"start":{"line":6,"column":35},"end":{"line":6,"column":41}},"loc":{"start":{"line":6,"column":45},"end":{"line":6,"column":147}},"line":6}},"branchMap":{"0":{"loc":{"start":{"line":4,"column":0},"end":{"line":4,"column":70}},"type":"if","locations":[{"start":{"line":4,"column":0},"end":{"line":4,"column":70}},{"start":{"line":4,"column":0},"end":{"line":4,"column":70}}],"line":4},"1":{"loc":{"start":{"line":5,"column":24},"end":{"line":5,"column":100}},"type":"cond-expr","locations":[{"start":{"line":5,"column":62},"end":{"line":5,"column":84}},{"start":{"line":5,"column":86},"end":{"line":5,"column":100}}],"line":5},"2":{"loc":{"start":{"line":6,"column":92},"end":{"line":6,"column":108}},"type":"binary-expr","locations":[{"start":{"line":6,"column":92},"end":{"line":6,"column":104}},{"start":{"line":6,"column":106},"end":{"line":6,"column":108}}],"line":6}},"s":{"0":0,"1":0,"2":0,"3":0,"4":0,"5":0,"6":0,"7":0,"8":0,"9":0},"f":{"0":0,"1":0},"b":{"0":[0,0],"1":[0,0],"2":[0,0]}}
}
