TN:
SF:/Users/wuyahui065/workspace/qc-vue/front/src/App.vue
FN:1,(anonymous_0)
FN:18,data
FN:25,$route
FN:36,render
FNF:4
FNH:0
FNDA:0,(anonymous_0)
FNDA:0,data
FNDA:0,$route
FNDA:0,render
DA:1,0
DA:4,0
DA:16,0
DA:19,0
DA:27,0
DA:28,0
DA:29,0
DA:34,0
DA:35,0
DA:36,0
DA:37,0
LF:11
LH:0
BRDA:29,0,0,0
BRDA:29,0,1,0
BRDA:34,1,0,0
BRDA:34,1,1,0
BRDA:35,2,0,0
BRDA:35,2,1,0
BRDA:36,3,0,0
BRDA:36,3,1,0
BRF:8
BRH:0
end_of_record
TN:
SF:/Users/wuyahui065/workspace/qc-vue/front/src/components/CollectQuestion.vue
FN:1,(anonymous_0)
FN:12,_interopRequireDefault
FN:16,data
FN:28,submit
FN:60,render
FN:60,(anonymous_5)
FN:60,(anonymous_6)
FNF:7
FNH:0
FNDA:0,(anonymous_0)
FNDA:0,_interopRequireDefault
FNDA:0,data
FNDA:0,submit
FNDA:0,render
FNDA:0,(anonymous_5)
FNDA:0,(anonymous_6)
DA:1,0
DA:4,0
DA:8,0
DA:10,0
DA:12,0
DA:14,0
DA:17,0
DA:29,0
DA:30,0
DA:58,0
DA:59,0
DA:60,0
DA:61,0
LF:13
LH:0
BRDA:12,0,0,0
BRDA:12,0,1,0
BRDA:12,1,0,0
BRDA:12,1,1,0
BRDA:29,2,0,0
BRDA:29,2,1,0
BRDA:58,3,0,0
BRDA:58,3,1,0
BRDA:59,4,0,0
BRDA:59,4,1,0
BRDA:60,5,0,0
BRDA:60,5,1,0
BRDA:60,6,0,0
BRDA:60,6,1,0
BRDA:60,7,0,0
BRDA:60,7,1,0
BRF:16
BRH:0
end_of_record
TN:
SF:/Users/wuyahui065/workspace/qc-vue/front/src/components/ListView.vue
FN:1,(anonymous_0)
FN:12,_interopRequireDefault
FN:16,data
FN:35,render
FNF:4
FNH:0
FNDA:0,(anonymous_0)
FNDA:0,_interopRequireDefault
FNDA:0,data
FNDA:0,render
DA:1,0
DA:4,0
DA:8,0
DA:10,0
DA:12,0
DA:14,0
DA:17,0
DA:33,0
DA:34,0
DA:35,0
DA:36,0
LF:11
LH:0
BRDA:12,0,0,0
BRDA:12,0,1,0
BRDA:12,1,0,0
BRDA:12,1,1,0
BRDA:33,2,0,0
BRDA:33,2,1,0
BRDA:34,3,0,0
BRDA:34,3,1,0
BRDA:35,4,0,0
BRDA:35,4,1,0
BRF:10
BRH:0
end_of_record
TN:
SF:/Users/wuyahui065/workspace/qc-vue/front/src/components/common/MyHeader.vue
FN:1,(anonymous_0)
FNF:1
FNH:0
FNDA:0,(anonymous_0)
DA:1,0
DA:4,0
DA:5,0
LF:3
LH:0
BRDA:4,0,0,0
BRDA:4,0,1,0
BRDA:5,1,0,0
BRDA:5,1,1,0
BRF:4
BRH:0
end_of_record
TN:
SF:/Users/wuyahui065/workspace/qc-vue/front/src/components/common/NavBar.vue
FN:1,(anonymous_0)
FN:17,data
FN:22,mounted
FN:30,render
FNF:4
FNH:0
FNDA:0,(anonymous_0)
FNDA:0,data
FNDA:0,mounted
FNDA:0,render
DA:1,0
DA:4,0
DA:16,0
DA:18,0
DA:23,0
DA:24,0
DA:28,0
DA:29,0
DA:30,0
DA:31,0
LF:10
LH:0
BRDA:28,0,0,0
BRDA:28,0,1,0
BRDA:29,1,0,0
BRDA:29,1,1,0
BRDA:30,2,0,0
BRDA:30,2,1,0
BRF:6
BRH:0
end_of_record
TN:
SF:/Users/wuyahui065/workspace/qc-vue/front/src/components/common/TextArea.vue
FN:1,(anonymous_0)
FN:6,render
FNF:2
FNH:0
FNDA:0,(anonymous_0)
FNDA:0,render
DA:1,0
DA:4,0
DA:5,0
DA:6,0
DA:7,0
LF:5
LH:0
BRDA:4,0,0,0
BRDA:4,0,1,0
BRDA:5,1,0,0
BRDA:5,1,1,0
BRDA:6,2,0,0
BRDA:6,2,1,0
BRF:6
BRH:0
end_of_record
